\BOOKMARK [0][-]{chapter.1}{Introduction}{}% 1
\BOOKMARK [0][-]{chapter.2}{Hadron-Hadron Scattering}{}% 2
\BOOKMARK [1][-]{section.2.1}{QCD factorization theorem}{chapter.2}% 3
\BOOKMARK [1][-]{section.2.2}{Partonic cross section}{chapter.2}% 4
\BOOKMARK [2][-]{subsection.2.2.1}{Higher order calculations}{section.2.2}% 5
\BOOKMARK [1][-]{section.2.3}{Parton Showers}{chapter.2}% 6
\BOOKMARK [2][-]{subsection.2.3.1}{Merging parton showers and matrix element calculations}{section.2.3}% 7
\BOOKMARK [1][-]{section.2.4}{Parton distribution functions}{chapter.2}% 8
\BOOKMARK [1][-]{section.2.5}{A real proton-proton collision}{chapter.2}% 9
\BOOKMARK [0][-]{chapter.3}{Multiple Parton Interactions}{}% 10
\BOOKMARK [1][-]{section.3.1}{Basic Concepts}{chapter.3}% 11
\BOOKMARK [1][-]{section.3.2}{Pythia8 Monte Carlo events generator}{chapter.3}% 12
\BOOKMARK [2][-]{subsection.3.2.1}{Parton Shower}{section.3.2}% 13
\BOOKMARK [2][-]{subsection.3.2.2}{Multiple Parton Interactions in Pythia}{section.3.2}% 14
\BOOKMARK [2][-]{subsection.3.2.3}{Momentum and flavour conservation}{section.3.2}% 15
\BOOKMARK [2][-]{subsection.3.2.4}{Impact Parameter Dependence}{section.3.2}% 16
\BOOKMARK [2][-]{subsection.3.2.5}{Parton rescattering}{section.3.2}% 17
\BOOKMARK [2][-]{subsection.3.2.6}{Interleaving of Multiple Interaction and Parton Shower}{section.3.2}% 18
\BOOKMARK [2][-]{subsection.3.2.7}{Beam Beam Remnants and primordial kT}{section.3.2}% 19
\BOOKMARK [2][-]{subsection.3.2.8}{Color Reconnection and Hadronization }{section.3.2}% 20
\BOOKMARK [1][-]{section.3.3}{pythia summary}{chapter.3}% 21
\BOOKMARK [0][-]{chapter.4}{Observable to Study the Underlying Event}{}% 22
\BOOKMARK [1][-]{section.4.1}{Minimum Bias Measurements and Underlying Event topology}{chapter.4}% 23
\BOOKMARK [2][-]{subsection.4.1.1}{Observables in Z production processes}{section.4.1}% 24
\BOOKMARK [0][-]{chapter.5}{Tune procedure, CP5 Tune and mcnntunes}{}% 25
\BOOKMARK [1][-]{section.5.1}{Parametrization-based approach}{chapter.5}% 26
\BOOKMARK [1][-]{section.5.2}{Machine Learning and Neural Networks}{chapter.5}% 27
\BOOKMARK [2][-]{subsection.5.2.1}{Neural Networks - Perceptron}{section.5.2}% 28
\BOOKMARK [2][-]{subsection.5.2.2}{Feed-Forward Neural Networks}{section.5.2}% 29
\BOOKMARK [1][-]{section.5.3}{Previous Tune for the Underlying Event}{chapter.5}% 30
\BOOKMARK [2][-]{subsection.5.3.1}{The distributions used}{section.5.3}% 31
\BOOKMARK [2][-]{subsection.5.3.2}{Pyhtia configuration and the tunes}{section.5.3}% 32
\BOOKMARK [1][-]{section.5.4}{MCNNTUNES}{chapter.5}% 33
\BOOKMARK [2][-]{subsection.5.4.1}{Per Bin Model}{section.5.4}% 34
\BOOKMARK [2][-]{subsection.5.4.2}{Inverse Model}{section.5.4}% 35
\BOOKMARK [0][-]{chapter.6}{Our Tune for the Underlying Event}{}% 36
\BOOKMARK [1][-]{section.6.1}{Introduction}{chapter.6}% 37
\BOOKMARK [1][-]{section.6.2}{First test: only two parameters variation}{chapter.6}% 38
\BOOKMARK [2][-]{subsection.6.2.1}{Per Bin Model results}{section.6.2}% 39
\BOOKMARK [2][-]{subsection.6.2.2}{Inverse Model results}{section.6.2}% 40
\BOOKMARK [2][-]{subsection.6.2.3}{Overall results}{section.6.2}% 41
\BOOKMARK [1][-]{section.6.3}{Our tune for the UE in Minimum Bias observations}{chapter.6}% 42
\BOOKMARK [2][-]{subsection.6.3.1}{Per Bin Model results}{section.6.3}% 43
\BOOKMARK [2][-]{subsection.6.3.2}{Inverse Model results}{section.6.3}% 44
\BOOKMARK [2][-]{subsection.6.3.3}{Overall results}{section.6.3}% 45
\BOOKMARK [0][-]{chapter.7}{Tune for the Primordial kT}{}% 46
\BOOKMARK [0][-]{chapter.8}{Conclusions}{}% 47
\BOOKMARK [0][-]{appendix.A}{Test with two free parameters for the Underlying Events}{}% 48
\BOOKMARK [0][-]{appendix*.57}{Bibliography}{}% 49
