This is pdfTeX, Version 3.14159265-2.6-1.40.20 (TeX Live 2019/Debian) (preloaded format=pdflatex 2021.9.21)  19 APR 2022 12:08
entering extended mode
 restricted \write18 enabled.
 %&-line parsing enabled.
**Preamble.tex
(./Preamble.tex
LaTeX2e <2020-02-02> patch level 2
L3 programming layer <2020-02-14>
(/usr/share/texlive/texmf-dist/tex/latex/base/report.cls
Document Class: report 2019/12/20 v1.4l Standard LaTeX document class
(/usr/share/texlive/texmf-dist/tex/latex/base/size12.clo
File: size12.clo 2019/12/20 v1.4l Standard LaTeX file (size option)
)
\c@part=\count167
\c@chapter=\count168
\c@section=\count169
\c@subsection=\count170
\c@subsubsection=\count171
\c@paragraph=\count172
\c@subparagraph=\count173
\c@figure=\count174
\c@table=\count175
\abovecaptionskip=\skip47
\belowcaptionskip=\skip48
\bibindent=\dimen134
)
(/usr/share/texlive/texmf-dist/tex/latex/titlesec/titlesec.sty
Package: titlesec 2019/10/16 v2.13 Sectioning titles
\ttl@box=\box45
\beforetitleunit=\skip49
\aftertitleunit=\skip50
\ttl@plus=\dimen135
\ttl@minus=\dimen136
\ttl@toksa=\toks14
\titlewidth=\dimen137
\titlewidthlast=\dimen138
\titlewidthfirst=\dimen139
)
(/usr/share/texlive/texmf-dist/tex/latex/base/fontenc.sty
Package: fontenc 2020/02/11 v2.0o Standard LaTeX package
)
(/usr/share/texlive/texmf-dist/tex/latex/base/inputenc.sty
Package: inputenc 2018/08/11 v1.3c Input encoding file
\inpenc@prehook=\toks15
\inpenc@posthook=\toks16
)
(/usr/share/texlive/texmf-dist/tex/generic/babel/babel.sty
Package: babel 2020/02/14 3.40 The Babel package

(/usr/share/texlive/texmf-dist/tex/generic/babel/switch.def
File: switch.def 2020/02/14 3.40 Babel switching mechanism
)
(/usr/share/texlive/texmf-dist/tex/generic/babel-english/british.ldf
Language: british 2017/06/06 v3.3r English support from the babel system

(/usr/share/texlive/texmf-dist/tex/generic/babel-english/english.ldf
Language: english 2017/06/06 v3.3r English support from the babel system

(/usr/share/texlive/texmf-dist/tex/generic/babel/babel.def
File: babel.def 2020/02/14 3.40 Babel common definitions
\babel@savecnt=\count176
\U@D=\dimen140

(/usr/share/texlive/texmf-dist/tex/generic/babel/txtbabel.def)
\bbl@readstream=\read2
\bbl@dirlevel=\count177
)
Package babel Info: \l@canadian = using hyphenrules for english
(babel)             (\language0) on input line 102.
Package babel Info: \l@australian = using hyphenrules for ukenglish
(babel)             (\language74) on input line 105.
Package babel Info: \l@newzealand = using hyphenrules for ukenglish
(babel)             (\language74) on input line 108.
)))
(/usr/share/texlive/texmf-dist/tex/latex/amsmath/amsmath.sty
Package: amsmath 2020/01/20 v2.17e AMS math features
\@mathmargin=\skip51

For additional information on amsmath, use the `?' option.
(/usr/share/texlive/texmf-dist/tex/latex/amsmath/amstext.sty
Package: amstext 2000/06/29 v2.01 AMS text

(/usr/share/texlive/texmf-dist/tex/latex/amsmath/amsgen.sty
File: amsgen.sty 1999/11/30 v2.0 generic functions
\@emptytoks=\toks17
\ex@=\dimen141
))
(/usr/share/texlive/texmf-dist/tex/latex/amsmath/amsbsy.sty
Package: amsbsy 1999/11/29 v1.2d Bold Symbols
\pmbraise@=\dimen142
)
(/usr/share/texlive/texmf-dist/tex/latex/amsmath/amsopn.sty
Package: amsopn 2016/03/08 v2.02 operator names
)
\inf@bad=\count178
LaTeX Info: Redefining \frac on input line 227.
\uproot@=\count179
\leftroot@=\count180
LaTeX Info: Redefining \overline on input line 389.
\classnum@=\count181
\DOTSCASE@=\count182
LaTeX Info: Redefining \ldots on input line 486.
LaTeX Info: Redefining \dots on input line 489.
LaTeX Info: Redefining \cdots on input line 610.
\Mathstrutbox@=\box46
\strutbox@=\box47
\big@size=\dimen143
LaTeX Font Info:    Redeclaring font encoding OML on input line 733.
LaTeX Font Info:    Redeclaring font encoding OMS on input line 734.
\macc@depth=\count183
\c@MaxMatrixCols=\count184
\dotsspace@=\muskip16
\c@parentequation=\count185
\dspbrk@lvl=\count186
\tag@help=\toks18
\row@=\count187
\column@=\count188
\maxfields@=\count189
\andhelp@=\toks19
\eqnshift@=\dimen144
\alignsep@=\dimen145
\tagshift@=\dimen146
\tagwidth@=\dimen147
\totwidth@=\dimen148
\lineht@=\dimen149
\@envbody=\toks20
\multlinegap=\skip52
\multlinetaggap=\skip53
\mathdisplay@stack=\toks21
LaTeX Info: Redefining \[ on input line 2859.
LaTeX Info: Redefining \] on input line 2860.
)
(/usr/share/texlive/texmf-dist/tex/latex/amsfonts/amsfonts.sty
Package: amsfonts 2013/01/14 v3.01 Basic AMSFonts support
\symAMSa=\mathgroup4
\symAMSb=\mathgroup5
LaTeX Font Info:    Redeclaring math symbol \hbar on input line 98.
LaTeX Font Info:    Overwriting math alphabet `\mathfrak' in version `bold'
(Font)                  U/euf/m/n --> U/euf/b/n on input line 106.
)
(/usr/share/texlive/texmf-dist/tex/latex/amsfonts/amssymb.sty
Package: amssymb 2013/01/14 v3.01 AMS font symbols
)
(/usr/share/texlive/texmf-dist/tex/latex/mathtools/mathtools.sty
Package: mathtools 2020/01/17 v1.23 mathematical typesetting tools

(/usr/share/texlive/texmf-dist/tex/latex/graphics/keyval.sty
Package: keyval 2014/10/28 v1.15 key=value parser (DPC)
\KV@toks@=\toks22
)
(/usr/share/texlive/texmf-dist/tex/latex/tools/calc.sty
Package: calc 2017/05/25 v4.3 Infix arithmetic (KKT,FJ)
\calc@Acount=\count190
\calc@Bcount=\count191
\calc@Adimen=\dimen150
\calc@Bdimen=\dimen151
\calc@Askip=\skip54
\calc@Bskip=\skip55
LaTeX Info: Redefining \setlength on input line 80.
LaTeX Info: Redefining \addtolength on input line 81.
\calc@Ccount=\count192
\calc@Cskip=\skip56
)
(/usr/share/texlive/texmf-dist/tex/latex/mathtools/mhsetup.sty
Package: mhsetup 2017/03/31 v1.3 programming setup (MH)
)
LaTeX Info: Thecontrolsequence`\('isalreadyrobust on input line 129.
LaTeX Info: Thecontrolsequence`\)'isalreadyrobust on input line 129.
LaTeX Info: Thecontrolsequence`\['isalreadyrobust on input line 129.
LaTeX Info: Thecontrolsequence`\]'isalreadyrobust on input line 129.
\g_MT_multlinerow_int=\count193
\l_MT_multwidth_dim=\dimen152
\origjot=\skip57
\l_MT_shortvdotswithinadjustabove_dim=\dimen153
\l_MT_shortvdotswithinadjustbelow_dim=\dimen154
\l_MT_above_intertext_sep=\dimen155
\l_MT_below_intertext_sep=\dimen156
\l_MT_above_shortintertext_sep=\dimen157
\l_MT_below_shortintertext_sep=\dimen158
)
(/usr/share/texlive/texmf-dist/tex/latex/multirow/multirow.sty
Package: multirow 2019/05/31 v2.5 Span multiple rows of a table
\multirow@colwidth=\skip58
\multirow@cntb=\count194
\multirow@dima=\skip59
\bigstrutjot=\dimen159
)
(/usr/share/texlive/texmf-dist/tex/latex/tools/array.sty
Package: array 2019/08/31 v2.4l Tabular extension package (FMi)
\col@sep=\dimen160
\ar@mcellbox=\box48
\extrarowheight=\dimen161
\NC@list=\toks23
\extratabsurround=\skip60
\backup@length=\skip61
\ar@cellbox=\box49
)
(/usr/share/texlive/texmf-dist/tex/latex/geometry/geometry.sty
Package: geometry 2020/01/02 v5.9 Page Geometry

(/usr/share/texlive/texmf-dist/tex/generic/iftex/ifvtex.sty
Package: ifvtex 2019/10/25 v1.7 ifvtex legacy package. Use iftex instead.

(/usr/share/texlive/texmf-dist/tex/generic/iftex/iftex.sty
Package: iftex 2019/11/07 v1.0c TeX engine tests
))
\Gm@cnth=\count195
\Gm@cntv=\count196
\c@Gm@tempcnt=\count197
\Gm@bindingoffset=\dimen162
\Gm@wd@mp=\dimen163
\Gm@odd@mp=\dimen164
\Gm@even@mp=\dimen165
\Gm@layoutwidth=\dimen166
\Gm@layoutheight=\dimen167
\Gm@layouthoffset=\dimen168
\Gm@layoutvoffset=\dimen169
\Gm@dimlist=\toks24
)
(/usr/share/texlive/texmf-dist/tex/latex/csquotes/csquotes.sty
Package: csquotes 2019-12-06 v5.2j context-sensitive quotations (JAW)

(/usr/share/texlive/texmf-dist/tex/latex/etoolbox/etoolbox.sty
Package: etoolbox 2019/09/21 v2.5h e-TeX tools for LaTeX (JAW)
\etb@tempcnta=\count198
)
\csq@reset=\count199
\csq@gtype=\count266
\csq@glevel=\count267
\csq@qlevel=\count268
\csq@maxlvl=\count269
\csq@tshold=\count270
\csq@ltx@everypar=\toks25

(/usr/share/texlive/texmf-dist/tex/latex/csquotes/csquotes.def
File: csquotes.def 2019-12-06 v5.2j csquotes generic definitions (JAW)
)
Package csquotes Info: Trying to load configuration file 'csquotes.cfg'...
Package csquotes Info: ... configuration file loaded successfully.

(/usr/share/texlive/texmf-dist/tex/latex/csquotes/csquotes.cfg
File: csquotes.cfg 
)
Package csquotes Info: Enabling multilingual quotes.
)
(/usr/share/texlive/texmf-dist/tex/latex/caption/caption.sty
Package: caption 2020/01/03 v3.4h Customizing captions (AR)

(/usr/share/texlive/texmf-dist/tex/latex/caption/caption3.sty
Package: caption3 2020/01/03 v1.8h caption3 kernel (AR)
Package caption3 Info: TeX engine: e-TeX on input line 61.
\captionmargin=\dimen170
\captionmargin@=\dimen171
\captionwidth=\dimen172
\caption@tempdima=\dimen173
\caption@indent=\dimen174
\caption@parindent=\dimen175
\caption@hangindent=\dimen176
Package caption Info: Standard document class detected.
)
\c@caption@flags=\count271
\c@continuedfloat=\count272
)
(/usr/share/texlive/texmf-dist/tex/latex/graphics/graphicx.sty
Package: graphicx 2019/11/30 v1.2a Enhanced LaTeX Graphics (DPC,SPQR)

(/usr/share/texlive/texmf-dist/tex/latex/graphics/graphics.sty
Package: graphics 2019/11/30 v1.4a Standard LaTeX Graphics (DPC,SPQR)

(/usr/share/texlive/texmf-dist/tex/latex/graphics/trig.sty
Package: trig 2016/01/03 v1.10 sin cos tan (DPC)
)
(/usr/share/texlive/texmf-dist/tex/latex/graphics-cfg/graphics.cfg
File: graphics.cfg 2016/06/04 v1.11 sample graphics configuration
)
Package graphics Info: Driver file: pdftex.def on input line 105.

(/usr/share/texlive/texmf-dist/tex/latex/graphics-def/pdftex.def
File: pdftex.def 2018/01/08 v1.0l Graphics/color driver for pdftex
))
\Gin@req@height=\dimen177
\Gin@req@width=\dimen178
)
(/usr/share/texlive/texmf-dist/tex/latex/enumitem/enumitem.sty
Package: enumitem 2019/06/20 v3.9 Customized lists
\labelindent=\skip62
\enit@outerparindent=\dimen179
\enit@toks=\toks26
\enit@inbox=\box50
\enit@count@id=\count273
\enitdp@description=\count274
)
(/usr/share/texlive/texmf-dist/tex/latex/float/float.sty
Package: float 2001/11/08 v1.3d Float enhancements (AL)
\c@float@type=\count275
\float@exts=\toks27
\float@box=\box51
\@float@everytoks=\toks28
\@floatcapt=\box52
)
(/usr/share/texlive/texmf-dist/tex/latex/fancyhdr/fancyhdr.sty
Package: fancyhdr 2019/01/31 v3.10 Extensive control of page headers and footer
s
\f@nch@headwidth=\skip63
\f@nch@O@elh=\skip64
\f@nch@O@erh=\skip65
\f@nch@O@olh=\skip66
\f@nch@O@orh=\skip67
\f@nch@O@elf=\skip68
\f@nch@O@erf=\skip69
\f@nch@O@olf=\skip70
\f@nch@O@orf=\skip71
)
(/usr/share/texlive/texmf-dist/tex/latex/emptypage/emptypage.sty
Package: emptypage 2010/05/30 v1.2 Suppress page numbers and headings on empty 
pages
)
(/usr/share/texlive/texmf-dist/tex/latex/hyperref/hyperref.sty
Package: hyperref 2020/01/14 v7.00d Hypertext links for LaTeX

(/usr/share/texlive/texmf-dist/tex/generic/ltxcmds/ltxcmds.sty
Package: ltxcmds 2019/12/15 v1.24 LaTeX kernel commands for general use (HO)
)
(/usr/share/texlive/texmf-dist/tex/latex/pdftexcmds/pdftexcmds.sty
Package: pdftexcmds 2019/11/24 v0.31 Utility functions of pdfTeX for LuaTeX (HO
)

(/usr/share/texlive/texmf-dist/tex/generic/infwarerr/infwarerr.sty
Package: infwarerr 2019/12/03 v1.5 Providing info/warning/error messages (HO)
)
Package pdftexcmds Info: \pdf@primitive is available.
Package pdftexcmds Info: \pdf@ifprimitive is available.
Package pdftexcmds Info: \pdfdraftmode found.
)
(/usr/share/texlive/texmf-dist/tex/generic/kvsetkeys/kvsetkeys.sty
Package: kvsetkeys 2019/12/15 v1.18 Key value parser (HO)
)
(/usr/share/texlive/texmf-dist/tex/generic/kvdefinekeys/kvdefinekeys.sty
Package: kvdefinekeys 2019-12-19 v1.6 Define keys (HO)
)
(/usr/share/texlive/texmf-dist/tex/generic/pdfescape/pdfescape.sty
Package: pdfescape 2019/12/09 v1.15 Implements pdfTeX's escape features (HO)
)
(/usr/share/texlive/texmf-dist/tex/latex/hycolor/hycolor.sty
Package: hycolor 2020-01-27 v1.10 Color options for hyperref/bookmark (HO)
)
(/usr/share/texlive/texmf-dist/tex/latex/letltxmacro/letltxmacro.sty
Package: letltxmacro 2019/12/03 v1.6 Let assignment for LaTeX macros (HO)
)
(/usr/share/texlive/texmf-dist/tex/latex/auxhook/auxhook.sty
Package: auxhook 2019-12-17 v1.6 Hooks for auxiliary files (HO)
)
(/usr/share/texlive/texmf-dist/tex/latex/kvoptions/kvoptions.sty
Package: kvoptions 2019/11/29 v3.13 Key value format for package options (HO)
)
\@linkdim=\dimen180
\Hy@linkcounter=\count276
\Hy@pagecounter=\count277

(/usr/share/texlive/texmf-dist/tex/latex/hyperref/pd1enc.def
File: pd1enc.def 2020/01/14 v7.00d Hyperref: PDFDocEncoding definition (HO)
Now handling font encoding PD1 ...
... no UTF-8 mapping file for font encoding PD1
)
(/usr/share/texlive/texmf-dist/tex/generic/intcalc/intcalc.sty
Package: intcalc 2019/12/15 v1.3 Expandable calculations with integers (HO)
)
(/usr/share/texlive/texmf-dist/tex/generic/etexcmds/etexcmds.sty
Package: etexcmds 2019/12/15 v1.7 Avoid name clashes with e-TeX commands (HO)
)
\Hy@SavedSpaceFactor=\count278
\pdfmajorversion=\count279
Package hyperref Info: Option `colorlinks' set `true' on input line 4421.
Package hyperref Info: Hyper figures OFF on input line 4547.
Package hyperref Info: Link nesting OFF on input line 4552.
Package hyperref Info: Hyper index ON on input line 4555.
Package hyperref Info: Plain pages OFF on input line 4562.
Package hyperref Info: Backreferencing OFF on input line 4567.
Package hyperref Info: Implicit mode ON; LaTeX internals redefined.
Package hyperref Info: Bookmarks ON on input line 4800.
\c@Hy@tempcnt=\count280

(/usr/share/texlive/texmf-dist/tex/latex/url/url.sty
\Urlmuskip=\muskip17
Package: url 2013/09/16  ver 3.4  Verb mode for urls, etc.
)
LaTeX Info: Redefining \url on input line 5159.
\XeTeXLinkMargin=\dimen181

(/usr/share/texlive/texmf-dist/tex/generic/bitset/bitset.sty
Package: bitset 2019/12/09 v1.3 Handle bit-vector datatype (HO)

(/usr/share/texlive/texmf-dist/tex/generic/bigintcalc/bigintcalc.sty
Package: bigintcalc 2019/12/15 v1.5 Expandable calculations on big integers (HO
)
))
\Fld@menulength=\count281
\Field@Width=\dimen182
\Fld@charsize=\dimen183
Package hyperref Info: Hyper figures OFF on input line 6430.
Package hyperref Info: Link nesting OFF on input line 6435.
Package hyperref Info: Hyper index ON on input line 6438.
Package hyperref Info: backreferencing OFF on input line 6445.
Package hyperref Info: Link coloring ON on input line 6448.
Package hyperref Info: Link coloring with OCG OFF on input line 6455.
Package hyperref Info: PDF/A mode OFF on input line 6460.
LaTeX Info: Redefining \ref on input line 6500.
LaTeX Info: Redefining \pageref on input line 6504.

(/usr/share/texlive/texmf-dist/tex/generic/atbegshi/atbegshi.sty
Package: atbegshi 2019/12/05 v1.19 At begin shipout hook (HO)
)
\Hy@abspage=\count282
\c@Item=\count283
\c@Hfootnote=\count284
)
Package hyperref Info: Driver (autodetected): hpdftex.

(/usr/share/texlive/texmf-dist/tex/latex/hyperref/hpdftex.def
File: hpdftex.def 2020/01/14 v7.00d Hyperref driver for pdfTeX

(/usr/share/texlive/texmf-dist/tex/latex/atveryend/atveryend.sty
Package: atveryend 2019-12-11 v1.11 Hooks at the very end of document (HO)
)
\Fld@listcount=\count285
\c@bookmark@seq@number=\count286

(/usr/share/texlive/texmf-dist/tex/latex/rerunfilecheck/rerunfilecheck.sty
Package: rerunfilecheck 2019/12/05 v1.9 Rerun checks for auxiliary files (HO)

(/usr/share/texlive/texmf-dist/tex/generic/uniquecounter/uniquecounter.sty
Package: uniquecounter 2019/12/15 v1.4 Provide unlimited unique counter (HO)
)
Package uniquecounter Info: New unique counter `rerunfilecheck' on input line 2
86.
)
\Hy@SectionHShift=\skip72
)
(/usr/share/texlive/texmf-dist/tex/latex/tocbibind/tocbibind.sty
Package: tocbibind 2010/10/13 v1.5k extra ToC listings
Package tocbibind Info: The document has chapter divisions on input line 50.


Package tocbibind Note: Using chapter style headings, unless overridden.

) (/usr/share/texlive/texmf-dist/tex/latex/natbib/natbib.sty
Package: natbib 2010/09/13 8.31b (PWD, AO)
\bibhang=\skip73
\bibsep=\skip74
LaTeX Info: Redefining \cite on input line 694.
\c@NAT@ctr=\count287
)
Package csquotes Info: Checking for multilingual support...
Package csquotes Info: ... found 'babel' package.

(/usr/share/texlive/texmf-dist/tex/latex/l3backend/l3backend-pdfmode.def
File: l3backend-pdfmode.def 2020-02-03 L3 backend support: PDF mode
\l__kernel_color_stack_int=\count288
\l__pdf_internal_box=\box53
)
(./Preamble.aux

LaTeX Warning: Label `fig:MinBiasPerBinModelResults2' multiply defined.


LaTeX Warning: Label `fig:MinBiasPerBinModelResults2' multiply defined.

)
\openout1 = `Preamble.aux'.

LaTeX Font Info:    Checking defaults for OML/cmm/m/it on input line 88.
LaTeX Font Info:    ... okay on input line 88.
LaTeX Font Info:    Checking defaults for OMS/cmsy/m/n on input line 88.
LaTeX Font Info:    ... okay on input line 88.
LaTeX Font Info:    Checking defaults for OT1/cmr/m/n on input line 88.
LaTeX Font Info:    ... okay on input line 88.
LaTeX Font Info:    Checking defaults for T1/cmr/m/n on input line 88.
LaTeX Font Info:    ... okay on input line 88.
LaTeX Font Info:    Checking defaults for TS1/cmr/m/n on input line 88.
LaTeX Font Info:    ... okay on input line 88.
LaTeX Font Info:    Checking defaults for OMX/cmex/m/n on input line 88.
LaTeX Font Info:    ... okay on input line 88.
LaTeX Font Info:    Checking defaults for U/cmr/m/n on input line 88.
LaTeX Font Info:    ... okay on input line 88.
LaTeX Font Info:    Checking defaults for PD1/pdf/m/n on input line 88.
LaTeX Font Info:    ... okay on input line 88.

*geometry* driver: auto-detecting
*geometry* detected driver: pdftex
*geometry* verbose mode - [ preamble ] result:
* driver: pdftex
* paper: a4paper
* layout: <same size as paper>
* layoutoffset:(h,v)=(0.0pt,0.0pt)
* modes: twoside 
* h-part:(L,W,R)=(99.58464pt, 426.79135pt, 71.13188pt)
* v-part:(T,H,B)=(85.35826pt, 688.5567pt, 71.13188pt)
* \paperwidth=597.50787pt
* \paperheight=845.04684pt
* \textwidth=426.79135pt
* \textheight=688.5567pt
* \oddsidemargin=27.31465pt
* \evensidemargin=-1.1381pt
* \topmargin=-23.91173pt
* \headheight=12.0pt
* \headsep=25.0pt
* \topskip=12.0pt
* \footskip=30.0pt
* \marginparwidth=85.0pt
* \marginparsep=10.0pt
* \columnsep=10.0pt
* \skip\footins=10.8pt plus 4.0pt minus 2.0pt
* \hoffset=0.0pt
* \voffset=0.0pt
* \mag=1000
* \@twocolumnfalse
* \@twosidetrue
* \@mparswitchtrue
* \@reversemarginfalse
* (1in=72.27pt=25.4mm, 1cm=28.453pt)

Package caption Info: Begin \AtBeginDocument code.
Package caption Info: float package is loaded.
Package caption Info: hyperref package is loaded.
Package caption Info: End \AtBeginDocument code.
(/usr/share/texlive/texmf-dist/tex/context/base/mkii/supp-pdf.mkii
[Loading MPS to PDF converter (version 2006.09.02).]
\scratchcounter=\count289
\scratchdimen=\dimen184
\scratchbox=\box54
\nofMPsegments=\count290
\nofMParguments=\count291
\everyMPshowfont=\toks29
\MPscratchCnt=\count292
\MPscratchDim=\dimen185
\MPnumerator=\count293
\makeMPintoPDFobject=\count294
\everyMPtoPDFconversion=\toks30
) (/usr/share/texlive/texmf-dist/tex/latex/epstopdf-pkg/epstopdf-base.sty
Package: epstopdf-base 2020-01-24 v2.11 Base part for package epstopdf

(/usr/share/texlive/texmf-dist/tex/latex/grfext/grfext.sty
Package: grfext 2019/12/03 v1.3 Manage graphics extensions (HO)
)
Package epstopdf-base Info: Redefining graphics rule for `.eps' on input line 4
85.
Package grfext Info: Graphics extension search list:
(grfext)             [.pdf,.png,.jpg,.mps,.jpeg,.jbig2,.jb2,.PDF,.PNG,.JPG,.JPE
G,.JBIG2,.JB2,.eps]
(grfext)             \AppendGraphicsExtensions on input line 504.

(/usr/share/texlive/texmf-dist/tex/latex/latexconfig/epstopdf-sys.cfg
File: epstopdf-sys.cfg 2010/07/13 v1.3 Configuration of (r)epstopdf for TeX Liv
e
))
\AtBeginShipoutBox=\box55

(/usr/share/texlive/texmf-dist/tex/latex/graphics/color.sty
Package: color 2019/11/23 v1.2a Standard LaTeX Color (DPC)

(/usr/share/texlive/texmf-dist/tex/latex/graphics-cfg/color.cfg
File: color.cfg 2016/01/02 v1.6 sample color configuration
)
Package color Info: Driver file: pdftex.def on input line 147.
)
Package hyperref Info: Link coloring ON on input line 88.

(/usr/share/texlive/texmf-dist/tex/latex/hyperref/nameref.sty
Package: nameref 2019/09/16 v2.46 Cross-referencing by name of section

(/usr/share/texlive/texmf-dist/tex/latex/refcount/refcount.sty
Package: refcount 2019/12/15 v3.6 Data extraction from label references (HO)
)
(/usr/share/texlive/texmf-dist/tex/generic/gettitlestring/gettitlestring.sty
Package: gettitlestring 2019/12/15 v1.6 Cleanup title references (HO)
)
\c@section@level=\count295
)
LaTeX Info: Redefining \ref on input line 88.
LaTeX Info: Redefining \pageref on input line 88.
LaTeX Info: Redefining \nameref on input line 88.

(./Preamble.out) (./Preamble.out)
\@outlinefile=\write3
\openout3 = `Preamble.out'.

LaTeX Font Info:    Trying to load font information for U+msa on input line 93.


(/usr/share/texlive/texmf-dist/tex/latex/amsfonts/umsa.fd
File: umsa.fd 2013/01/14 v3.01 AMS symbols A
)
LaTeX Font Info:    Trying to load font information for U+msb on input line 93.


(/usr/share/texlive/texmf-dist/tex/latex/amsfonts/umsb.fd
File: umsb.fd 2013/01/14 v3.01 AMS symbols B
) [1

{/var/lib/texmf/fonts/map/pdftex/updmap/pdftex.map}]pdfTeX warning (ext4): dest
ination with the same identifier (name{page.1}) has been already used, duplicat
e ignored
<to be read again> 
                   \relax 
l.98 \tableofcontents
                      [1] [2

] (./Preamble.toc
LaTeX Font Info:    Trying to load font information for T1+cmtt on input line 1
3.

(/usr/share/texlive/texmf-dist/tex/latex/base/t1cmtt.fd
File: t1cmtt.fd 2019/12/16 v2.5j Standard LaTeX font definitions
) [3])
\tf@toc=\write4
\openout4 = `Preamble.toc'.


(./Introduction/c_introduction.tex

Package Fancyhdr Warning: \headheight is too small (12.0pt): 
Make it at least 14.49998pt.
We now make it that large for the rest of the document.
This may cause the page layout to be inconsistent, however.

[4]
Chapter 1.
) (./Hadron_Hadron_scattering/c_HadronHadronScattering.tex [5

] [6

]
Chapter 2.
[7]
Underfull \hbox (badness 10000) in paragraph at lines 74--76

 []

<Hadron_Hadron_scattering/img/StandardModelCrossSections_color.png, id=264, 661
.47125pt x 860.21375pt>
File: Hadron_Hadron_scattering/img/StandardModelCrossSections_color.png Graphic
 file (type png)
<use Hadron_Hadron_scattering/img/StandardModelCrossSections_color.png>
Package pdftex.def Info: Hadron_Hadron_scattering/img/StandardModelCrossSection
s_color.png  used on input line 91.
(pdftex.def)             Requested size: 341.43306pt x 444.00603pt.
[8]
Underfull \vbox (badness 10000) has occurred while \output is active []

 [9 <./Hadron_Hadron_scattering/img/StandardModelCrossSections_color.png>]
<Hadron_Hadron_scattering/img/xQ2planeCoverage.png, id=297, 650.43pt x 850.1762
5pt>
File: Hadron_Hadron_scattering/img/xQ2planeCoverage.png Graphic file (type png)

<use Hadron_Hadron_scattering/img/xQ2planeCoverage.png>
Package pdftex.def Info: Hadron_Hadron_scattering/img/xQ2planeCoverage.png  use
d on input line 110.
(pdftex.def)             Requested size: 341.43306pt x 446.29733pt.

Underfull \vbox (badness 1377) has occurred while \output is active []

 [10 <./Hadron_Hadron_scattering/img/xQ2planeCoverage.png>]
<Hadron_Hadron_scattering/img/feynman_ZpT.pdf, id=314, 329.6295pt x 145.99846pt
>
File: Hadron_Hadron_scattering/img/feynman_ZpT.pdf Graphic file (type pdf)
<use Hadron_Hadron_scattering/img/feynman_ZpT.pdf>
Package pdftex.def Info: Hadron_Hadron_scattering/img/feynman_ZpT.pdf  used on 
input line 149.
(pdftex.def)             Requested size: 341.43306pt x 151.22662pt.
 [11]
<Hadron_Hadron_scattering/img/ZRapidityDistributionLO_NLO_NNLO.png, id=330, 961
.5925pt x 724.7075pt>
File: Hadron_Hadron_scattering/img/ZRapidityDistributionLO_NLO_NNLO.png Graphic
 file (type png)
<use Hadron_Hadron_scattering/img/ZRapidityDistributionLO_NLO_NNLO.png>
Package pdftex.def Info: Hadron_Hadron_scattering/img/ZRapidityDistributionLO_N
LO_NNLO.png  used on input line 158.
(pdftex.def)             Requested size: 341.43306pt x 257.32272pt.

Underfull \vbox (badness 10000) has occurred while \output is active []

 [12 <./Hadron_Hadron_scattering/img/feynman_ZpT.pdf> <./Hadron_Hadron_scatteri
ng/img/ZRapidityDistributionLO_NLO_NNLO.png>]
<Hadron_Hadron_scattering/img/pT_Z_CDF.png, id=361, 875.27pt x 644.4075pt>
File: Hadron_Hadron_scattering/img/pT_Z_CDF.png Graphic file (type png)
<use Hadron_Hadron_scattering/img/pT_Z_CDF.png>
Package pdftex.def Info: Hadron_Hadron_scattering/img/pT_Z_CDF.png  used on inp
ut line 179.
(pdftex.def)             Requested size: 341.43306pt x 251.3769pt.
 [13 <./Hadron_Hadron_scattering/img/pT_Z_CDF.png>] [14]

pdfTeX warning: /usr/bin/pdflatex (file ./Hadron_Hadron_scattering/img/feynman_
doubleCounting_FxFx_curved-cropped.pdf): PDF inclusion: found PDF version <1.7>
, but at most version <1.5> allowed
<Hadron_Hadron_scattering/img/feynman_doubleCounting_FxFx_curved-cropped.pdf, i
d=400, 574.4662pt x 350.13809pt>
File: Hadron_Hadron_scattering/img/feynman_doubleCounting_FxFx_curved-cropped.p
df Graphic file (type pdf)
<use Hadron_Hadron_scattering/img/feynman_doubleCounting_FxFx_curved-cropped.pd
f>
Package pdftex.def Info: Hadron_Hadron_scattering/img/feynman_doubleCounting_Fx
Fx_curved-cropped.pdf  used on input line 225.
(pdftex.def)             Requested size: 398.33858pt x 242.79764pt.

Overfull \hbox (18.83316pt too wide) in paragraph at lines 235--239
\T1/cmr/m/n/12 sions (Drell-Yan pro-cesses) and jet meas-ure-ments to study glu
on dis-tri-bu-tion $\OML/cmm/m/it/12 f[]\OT1/cmr/m/n/12 (\OML/cmm/m/it/12 x; Q[
]\OT1/cmr/m/n/12 )$\T1/cmr/m/n/12 .
 []

<Hadron_Hadron_scattering/img/NNPDF3.1.png, id=406, 1022.82124pt x 646.415pt>
File: Hadron_Hadron_scattering/img/NNPDF3.1.png Graphic file (type png)
<use Hadron_Hadron_scattering/img/NNPDF3.1.png>
Package pdftex.def Info: Hadron_Hadron_scattering/img/NNPDF3.1.png  used on inp
ut line 247.
(pdftex.def)             Requested size: 341.43306pt x 215.78348pt.
[15 <./Hadron_Hadron_scattering/img/feynman_doubleCounting_FxFx_curved-cropped.
pdf>] [16 <./Hadron_Hadron_scattering/img/NNPDF3.1.png>]
<Hadron_Hadron_scattering/img/Processes.png, id=455, 1248.665pt x 624.3325pt>
File: Hadron_Hadron_scattering/img/Processes.png Graphic file (type png)
<use Hadron_Hadron_scattering/img/Processes.png>
Package pdftex.def Info: Hadron_Hadron_scattering/img/Processes.png  used on in
put line 273.
(pdftex.def)             Requested size: 418.2537pt x 209.12648pt.
)
(./Multi_Parton_Interactions/c_Multi_Parton_Interactions.tex [17 <./Hadron_Hadr
on_scattering/img/Processes.png>] [18

]
Chapter 3.
<Multi_Parton_Interactions/img/DiagrammiPartonic/feynman_partonic_1.pdf, id=471
, 143.69383pt x 92.7154pt>
File: Multi_Parton_Interactions/img/DiagrammiPartonic/feynman_partonic_1.pdf Gr
aphic file (type pdf)
<use Multi_Parton_Interactions/img/DiagrammiPartonic/feynman_partonic_1.pdf>
Package pdftex.def Info: Multi_Parton_Interactions/img/DiagrammiPartonic/feynma
n_partonic_1.pdf  used on input line 58.
(pdftex.def)             Requested size: 71.13188pt x 45.89778pt.
<Multi_Parton_Interactions/img/DiagrammiPartonic/feynman_partonic_2.pdf, id=472
, 141.73955pt x 90.89859pt>
File: Multi_Parton_Interactions/img/DiagrammiPartonic/feynman_partonic_2.pdf Gr
aphic file (type pdf)
<use Multi_Parton_Interactions/img/DiagrammiPartonic/feynman_partonic_2.pdf>
Package pdftex.def Info: Multi_Parton_Interactions/img/DiagrammiPartonic/feynma
n_partonic_2.pdf  used on input line 59.
(pdftex.def)             Requested size: 71.13188pt x 45.61838pt.
<Multi_Parton_Interactions/img/DiagrammiPartonic/feynman_partonic_3.pdf, id=473
, 141.73955pt x 90.89859pt>
File: Multi_Parton_Interactions/img/DiagrammiPartonic/feynman_partonic_3.pdf Gr
aphic file (type pdf)
<use Multi_Parton_Interactions/img/DiagrammiPartonic/feynman_partonic_3.pdf>
Package pdftex.def Info: Multi_Parton_Interactions/img/DiagrammiPartonic/feynma
n_partonic_3.pdf  used on input line 59.
(pdftex.def)             Requested size: 71.13188pt x 45.61838pt.
<Multi_Parton_Interactions/img/DiagrammiPartonic/feynman_partonic_4.pdf, id=474
, 121.35338pt x 88.77165pt>
File: Multi_Parton_Interactions/img/DiagrammiPartonic/feynman_partonic_4.pdf Gr
aphic file (type pdf)
<use Multi_Parton_Interactions/img/DiagrammiPartonic/feynman_partonic_4.pdf>
Package pdftex.def Info: Multi_Parton_Interactions/img/DiagrammiPartonic/feynma
n_partonic_4.pdf  used on input line 60.
(pdftex.def)             Requested size: 71.13188pt x 52.03345pt.
<Multi_Parton_Interactions/img/DiagrammiPartonic/feynman_partonic_5.pdf, id=475
, 119.95114pt x 86.57945pt>
File: Multi_Parton_Interactions/img/DiagrammiPartonic/feynman_partonic_5.pdf Gr
aphic file (type pdf)
<use Multi_Parton_Interactions/img/DiagrammiPartonic/feynman_partonic_5.pdf>
Package pdftex.def Info: Multi_Parton_Interactions/img/DiagrammiPartonic/feynma
n_partonic_5.pdf  used on input line 61.
(pdftex.def)             Requested size: 71.13188pt x 51.34433pt.
<Multi_Parton_Interactions/img/DiagrammiPartonic/feynman_partonic_6.pdf, id=476
, 141.73955pt x 91.89833pt>
File: Multi_Parton_Interactions/img/DiagrammiPartonic/feynman_partonic_6.pdf Gr
aphic file (type pdf)
<use Multi_Parton_Interactions/img/DiagrammiPartonic/feynman_partonic_6.pdf>
Package pdftex.def Info: Multi_Parton_Interactions/img/DiagrammiPartonic/feynma
n_partonic_6.pdf  used on input line 61.
(pdftex.def)             Requested size: 71.13188pt x 46.12012pt.
<Multi_Parton_Interactions/img/DiagrammiPartonic/feynman_partonic_7.pdf, id=477
, 120.1589pt x 85.64496pt>
File: Multi_Parton_Interactions/img/DiagrammiPartonic/feynman_partonic_7.pdf Gr
aphic file (type pdf)
<use Multi_Parton_Interactions/img/DiagrammiPartonic/feynman_partonic_7.pdf>
Package pdftex.def Info: Multi_Parton_Interactions/img/DiagrammiPartonic/feynma
n_partonic_7.pdf  used on input line 62.
(pdftex.def)             Requested size: 71.13188pt x 50.69995pt.
<Multi_Parton_Interactions/img/DiagrammiPartonic/feynman_partonic_8.pdf, id=478
, 141.94832pt x 91.89833pt>
File: Multi_Parton_Interactions/img/DiagrammiPartonic/feynman_partonic_8.pdf Gr
aphic file (type pdf)
<use Multi_Parton_Interactions/img/DiagrammiPartonic/feynman_partonic_8.pdf>
Package pdftex.def Info: Multi_Parton_Interactions/img/DiagrammiPartonic/feynma
n_partonic_8.pdf  used on input line 62.
(pdftex.def)             Requested size: 71.13188pt x 46.0514pt.
<Multi_Parton_Interactions/img/DiagrammiPartonic/feynman_partonic_9.pdf, id=479
, 141.94832pt x 91.89833pt>
File: Multi_Parton_Interactions/img/DiagrammiPartonic/feynman_partonic_9.pdf Gr
aphic file (type pdf)
<use Multi_Parton_Interactions/img/DiagrammiPartonic/feynman_partonic_9.pdf>
Package pdftex.def Info: Multi_Parton_Interactions/img/DiagrammiPartonic/feynma
n_partonic_9.pdf  used on input line 62.
(pdftex.def)             Requested size: 71.13188pt x 46.0514pt.
<Multi_Parton_Interactions/img/DiagrammiPartonic/feynman_partonic_10.pdf, id=48
0, 120.1589pt x 85.64899pt>
File: Multi_Parton_Interactions/img/DiagrammiPartonic/feynman_partonic_10.pdf G
raphic file (type pdf)
<use Multi_Parton_Interactions/img/DiagrammiPartonic/feynman_partonic_10.pdf>
Package pdftex.def Info: Multi_Parton_Interactions/img/DiagrammiPartonic/feynma
n_partonic_10.pdf  used on input line 63.
(pdftex.def)             Requested size: 71.13188pt x 50.70235pt.
<Multi_Parton_Interactions/img/DiagrammiPartonic/feynman_partonic_11.pdf, id=48
1, 141.94832pt x 91.22983pt>
File: Multi_Parton_Interactions/img/DiagrammiPartonic/feynman_partonic_11.pdf G
raphic file (type pdf)
<use Multi_Parton_Interactions/img/DiagrammiPartonic/feynman_partonic_11.pdf>
Package pdftex.def Info: Multi_Parton_Interactions/img/DiagrammiPartonic/feynma
n_partonic_11.pdf  used on input line 63.
(pdftex.def)             Requested size: 71.13188pt x 45.7164pt.
<Multi_Parton_Interactions/img/DiagrammiPartonic/feynman_partonic_12.pdf, id=48
2, 141.94832pt x 91.22983pt>
File: Multi_Parton_Interactions/img/DiagrammiPartonic/feynman_partonic_12.pdf G
raphic file (type pdf)
<use Multi_Parton_Interactions/img/DiagrammiPartonic/feynman_partonic_12.pdf>
Package pdftex.def Info: Multi_Parton_Interactions/img/DiagrammiPartonic/feynma
n_partonic_12.pdf  used on input line 63.
(pdftex.def)             Requested size: 71.13188pt x 45.7164pt.
<Multi_Parton_Interactions/img/DiagrammiPartonic/feynman_partonic_13.pdf, id=48
3, 141.94832pt x 90.89859pt>
File: Multi_Parton_Interactions/img/DiagrammiPartonic/feynman_partonic_13.pdf G
raphic file (type pdf)
<use Multi_Parton_Interactions/img/DiagrammiPartonic/feynman_partonic_13.pdf>
Package pdftex.def Info: Multi_Parton_Interactions/img/DiagrammiPartonic/feynma
n_partonic_13.pdf  used on input line 64.
(pdftex.def)             Requested size: 71.13188pt x 45.55042pt.
<Multi_Parton_Interactions/img/DiagrammiPartonic/feynman_partonic_14.pdf, id=48
4, 119.95114pt x 84.64925pt>
File: Multi_Parton_Interactions/img/DiagrammiPartonic/feynman_partonic_14.pdf G
raphic file (type pdf)
<use Multi_Parton_Interactions/img/DiagrammiPartonic/feynman_partonic_14.pdf>
Package pdftex.def Info: Multi_Parton_Interactions/img/DiagrammiPartonic/feynma
n_partonic_14.pdf  used on input line 64.
(pdftex.def)             Requested size: 71.13188pt x 50.19965pt.
<Multi_Parton_Interactions/img/DiagrammiPartonic/feynman_partonic_15.pdf, id=48
5, 119.95114pt x 84.64925pt>
File: Multi_Parton_Interactions/img/DiagrammiPartonic/feynman_partonic_15.pdf G
raphic file (type pdf)
<use Multi_Parton_Interactions/img/DiagrammiPartonic/feynman_partonic_15.pdf>
Package pdftex.def Info: Multi_Parton_Interactions/img/DiagrammiPartonic/feynma
n_partonic_15.pdf  used on input line 64.
(pdftex.def)             Requested size: 71.13188pt x 50.19965pt.
<Multi_Parton_Interactions/img/DiagrammiPartonic/feynman_partonic_16.pdf, id=48
6, 120.36769pt x 84.64925pt>
File: Multi_Parton_Interactions/img/DiagrammiPartonic/feynman_partonic_16.pdf G
raphic file (type pdf)
<use Multi_Parton_Interactions/img/DiagrammiPartonic/feynman_partonic_16.pdf>
Package pdftex.def Info: Multi_Parton_Interactions/img/DiagrammiPartonic/feynma
n_partonic_16.pdf  used on input line 65.
(pdftex.def)             Requested size: 71.13188pt x 50.02269pt.
<Multi_Parton_Interactions/img/DiagrammiPartonic/feynman_partonic_17.pdf, id=48
7, 142.1571pt x 90.89859pt>
File: Multi_Parton_Interactions/img/DiagrammiPartonic/feynman_partonic_17.pdf G
raphic file (type pdf)
<use Multi_Parton_Interactions/img/DiagrammiPartonic/feynman_partonic_17.pdf>
Package pdftex.def Info: Multi_Parton_Interactions/img/DiagrammiPartonic/feynma
n_partonic_17.pdf  used on input line 65.
(pdftex.def)             Requested size: 71.13188pt x 45.48245pt.
<Multi_Parton_Interactions/img/DiagrammiPartonic/feynman_partonic_18.pdf, id=48
8, 142.1571pt x 90.89859pt>
File: Multi_Parton_Interactions/img/DiagrammiPartonic/feynman_partonic_18.pdf G
raphic file (type pdf)
<use Multi_Parton_Interactions/img/DiagrammiPartonic/feynman_partonic_18.pdf>
Package pdftex.def Info: Multi_Parton_Interactions/img/DiagrammiPartonic/feynma
n_partonic_18.pdf  used on input line 65.
(pdftex.def)             Requested size: 71.13188pt x 45.48245pt.
<Multi_Parton_Interactions/img/DiagrammiPartonic/feynman_partonic_19.pdf, id=48
9, 111.87296pt x 113.80417pt>
File: Multi_Parton_Interactions/img/DiagrammiPartonic/feynman_partonic_19.pdf G
raphic file (type pdf)
<use Multi_Parton_Interactions/img/DiagrammiPartonic/feynman_partonic_19.pdf>
Package pdftex.def Info: Multi_Parton_Interactions/img/DiagrammiPartonic/feynma
n_partonic_19.pdf  used on input line 65.
(pdftex.def)             Requested size: 71.13188pt x 72.36206pt.
[19]
<Multi_Parton_Interactions/img/CrossSection_Tot.png, id=505, 880.28876pt x 774.
895pt>
File: Multi_Parton_Interactions/img/CrossSection_Tot.png Graphic file (type png
)
<use Multi_Parton_Interactions/img/CrossSection_Tot.png>
Package pdftex.def Info: Multi_Parton_Interactions/img/CrossSection_Tot.png  us
ed on input line 105.
(pdftex.def)             Requested size: 341.43306pt x 300.55249pt.
<Multi_Parton_Interactions/img/ScreeningEffect.png, id=511, 596.2275pt x 220.82
5pt>
File: Multi_Parton_Interactions/img/ScreeningEffect.png Graphic file (type png)

<use Multi_Parton_Interactions/img/ScreeningEffect.png>
Package pdftex.def Info: Multi_Parton_Interactions/img/ScreeningEffect.png  use
d on input line 122.
(pdftex.def)             Requested size: 298.75264pt x 110.64809pt.
 [20]

LaTeX Warning: Text page 21 contains only floats.


Overfull \vbox (2.02187pt too high) has occurred while \output is active []


[21 <./Multi_Parton_Interactions/img/DiagrammiPartonic/feynman_partonic_1.pdf> 
<./Multi_Parton_Interactions/img/DiagrammiPartonic/feynman_partonic_2.pdf> <./M
ulti_Parton_Interactions/img/DiagrammiPartonic/feynman_partonic_3.pdf> <./Multi
_Parton_Interactions/img/DiagrammiPartonic/feynman_partonic_4.pdf> <./Multi_Par
ton_Interactions/img/DiagrammiPartonic/feynman_partonic_5.pdf> <./Multi_Parton_
Interactions/img/DiagrammiPartonic/feynman_partonic_6.pdf> <./Multi_Parton_Inte
ractions/img/DiagrammiPartonic/feynman_partonic_7.pdf> <./Multi_Parton_Interact
ions/img/DiagrammiPartonic/feynman_partonic_8.pdf> <./Multi_Parton_Interactions
/img/DiagrammiPartonic/feynman_partonic_9.pdf> <./Multi_Parton_Interactions/img
/DiagrammiPartonic/feynman_partonic_10.pdf> <./Multi_Parton_Interactions/img/Di
agrammiPartonic/feynman_partonic_11.pdf> <./Multi_Parton_Interactions/img/Diagr
ammiPartonic/feynman_partonic_12.pdf> <./Multi_Parton_Interactions/img/Diagramm
iPartonic/feynman_partonic_13.pdf> <./Multi_Parton_Interactions/img/DiagrammiPa
rtonic/feynman_partonic_14.pdf> <./Multi_Parton_Interactions/img/DiagrammiParto
nic/feynman_partonic_15.pdf> <./Multi_Parton_Interactions/img/DiagrammiPartonic
/feynman_partonic_16.pdf> <./Multi_Parton_Interactions/img/DiagrammiPartonic/fe
ynman_partonic_17.pdf> <./Multi_Parton_Interactions/img/DiagrammiPartonic/feynm
an_partonic_18.pdf> <./Multi_Parton_Interactions/img/DiagrammiPartonic/feynman_
partonic_19.pdf>] [22 <./Multi_Parton_Interactions/img/CrossSection_Tot.png> <.
/Multi_Parton_Interactions/img/ScreeningEffect.png>]
LaTeX Font Info:    Font shape `T1/cmtt/bx/n' in size <17.28> not available
(Font)              Font shape `T1/cmtt/m/n' tried instead on input line 146.
LaTeX Font Info:    Font shape `T1/cmtt/bx/n' in size <14.4> not available
(Font)              Font shape `T1/cmtt/m/n' tried instead on input line 166.
 [23] [24]

LaTeX Font Warning: Command \small invalid in math mode on input line 225.

LaTeX Font Info:    Calculating math sizes for size <> on input line 228.

LaTeX Font Warning: Font shape `OT1/cmr/m/n' in size <> not available
(Font)              size <5> substituted on input line 228.


LaTeX Font Warning: Font shape `OT1/cmr/m/n' in size <0.7> not available
(Font)              size <5> substituted on input line 228.


LaTeX Font Warning: Font shape `OT1/cmr/m/n' in size <0.5> not available
(Font)              size <5> substituted on input line 228.


LaTeX Font Warning: Font shape `OML/cmm/m/it' in size <> not available
(Font)              size <5> substituted on input line 228.


LaTeX Font Warning: Font shape `OML/cmm/m/it' in size <0.7> not available
(Font)              size <5> substituted on input line 228.


LaTeX Font Warning: Font shape `OML/cmm/m/it' in size <0.5> not available
(Font)              size <5> substituted on input line 228.


LaTeX Font Warning: Font shape `OMS/cmsy/m/n' in size <> not available
(Font)              size <5> substituted on input line 228.


LaTeX Font Warning: Font shape `OMS/cmsy/m/n' in size <0.7> not available
(Font)              size <5> substituted on input line 228.


LaTeX Font Warning: Font shape `OMS/cmsy/m/n' in size <0.5> not available
(Font)              size <5> substituted on input line 228.


LaTeX Font Warning: Font shape `OT1/cmr/bx/n' in size <> not available
(Font)              size <5> substituted on input line 228.


LaTeX Font Warning: Font shape `OT1/cmr/bx/n' in size <0.7> not available
(Font)              size <5> substituted on input line 228.


LaTeX Font Warning: Font shape `OT1/cmr/bx/n' in size <0.5> not available
(Font)              size <5> substituted on input line 228.

[25]
<Multi_Parton_Interactions/img/Rescattering.png, id=666, 616.3025pt x 212.795pt
>
File: Multi_Parton_Interactions/img/Rescattering.png Graphic file (type png)
<use Multi_Parton_Interactions/img/Rescattering.png>
Package pdftex.def Info: Multi_Parton_Interactions/img/Rescattering.png  used o
n input line 256.
(pdftex.def)             Requested size: 341.43306pt x 117.89156pt.
 [26 <./Multi_Parton_Interactions/img/Rescattering.png>]
<Multi_Parton_Interactions/img/PartonShower.png, id=679, 635.37375pt x 572.1375
pt>
File: Multi_Parton_Interactions/img/PartonShower.png Graphic file (type png)
<use Multi_Parton_Interactions/img/PartonShower.png>
Package pdftex.def Info: Multi_Parton_Interactions/img/PartonShower.png  used o
n input line 290.
(pdftex.def)             Requested size: 341.43306pt x 307.45679pt.


Package hyperref Warning: Token not allowed in a PDF string (PDFDocEncoding):
(hyperref)                removing `math shift' on input line 300.


Package hyperref Warning: Token not allowed in a PDF string (PDFDocEncoding):
(hyperref)                removing `subscript' on input line 300.


Package hyperref Warning: Token not allowed in a PDF string (PDFDocEncoding):
(hyperref)                removing `math shift' on input line 300.

[27 <./Multi_Parton_Interactions/img/PartonShower.png>] [28]
<Multi_Parton_Interactions/img/StringBreakings.png, id=699, 687.56876pt x 353.3
2pt>
File: Multi_Parton_Interactions/img/StringBreakings.png Graphic file (type png)

<use Multi_Parton_Interactions/img/StringBreakings.png>
Package pdftex.def Info: Multi_Parton_Interactions/img/StringBreakings.png  use
d on input line 354.
(pdftex.def)             Requested size: 341.43306pt x 175.45193pt.
 [29 <./Multi_Parton_Interactions/img/StringBreakings.png>])
(./ObservableToStudyTheUnderlyingEvent/c_ObservableToStudyTheUnderlyingEvent.te
x [30]
Chapter 4.
<ObservableToStudyTheUnderlyingEvent/img/Regions.pdf, id=716, 348.33339pt x 197
.43663pt>
File: ObservableToStudyTheUnderlyingEvent/img/Regions.pdf Graphic file (type pd
f)
<use ObservableToStudyTheUnderlyingEvent/img/Regions.pdf>
Package pdftex.def Info: ObservableToStudyTheUnderlyingEvent/img/Regions.pdf  u
sed on input line 23.
(pdftex.def)             Requested size: 341.43437pt x 193.53477pt.
[31

]
<ObservableToStudyTheUnderlyingEvent/img/UEpredictions_in_regions.png, id=729, 
768.8725pt x 388.45125pt>
File: ObservableToStudyTheUnderlyingEvent/img/UEpredictions_in_regions.png Grap
hic file (type png)
<use ObservableToStudyTheUnderlyingEvent/img/UEpredictions_in_regions.png>
Package pdftex.def Info: ObservableToStudyTheUnderlyingEvent/img/UEpredictions_
in_regions.png  used on input line 52.
(pdftex.def)             Requested size: 341.43437pt x 172.50165pt.
 [32 <./ObservableToStudyTheUnderlyingEvent/img/Regions.pdf>]
<ObservableToStudyTheUnderlyingEvent/img/CPdistributions.png, id=769, 612.2875p
t x 274.02374pt>
File: ObservableToStudyTheUnderlyingEvent/img/CPdistributions.png Graphic file 
(type png)
<use ObservableToStudyTheUnderlyingEvent/img/CPdistributions.png>
Package pdftex.def Info: ObservableToStudyTheUnderlyingEvent/img/CPdistribution
s.png  used on input line 61.
(pdftex.def)             Requested size: 341.43437pt x 152.80415pt.
<ObservableToStudyTheUnderlyingEvent/img/CP5_with_without_MPI.pdf, id=773, 344.
99991pt x 323.04187pt>
File: ObservableToStudyTheUnderlyingEvent/img/CP5_with_without_MPI.pdf Graphic 
file (type pdf)
<use ObservableToStudyTheUnderlyingEvent/img/CP5_with_without_MPI.pdf>
Package pdftex.def Info: ObservableToStudyTheUnderlyingEvent/img/CP5_with_witho
ut_MPI.pdf  used on input line 70.
(pdftex.def)             Requested size: 341.43437pt x 319.72862pt.


Package Fancyhdr Warning: \headheight is too small (14.49998pt): 
Make it at least 27.11469pt.
We now make it that large for the rest of the document.
This may cause the page layout to be inconsistent, however.

[33 <./ObservableToStudyTheUnderlyingEvent/img/UEpredictions_in_regions.png> <.
/ObservableToStudyTheUnderlyingEvent/img/CPdistributions.png>]
<ObservableToStudyTheUnderlyingEvent/img/CPECMdep.pdf, id=789, 344.99991pt x 33
4.00883pt>
File: ObservableToStudyTheUnderlyingEvent/img/CPECMdep.pdf Graphic file (type p
df)
<use ObservableToStudyTheUnderlyingEvent/img/CPECMdep.pdf>
Package pdftex.def Info: ObservableToStudyTheUnderlyingEvent/img/CPECMdep.pdf  
used on input line 79.
(pdftex.def)             Requested size: 362.77525pt x 351.24457pt.
)
(./TuneProcedureAndMCNNTUNES/c_tuneProcedureCP5TuneAndMCNNTUNES.tex [34 <./Obse
rvableToStudyTheUnderlyingEvent/img/CP5_with_without_MPI.pdf>] [35 <./Observabl
eToStudyTheUnderlyingEvent/img/CPECMdep.pdf>] [36

]
Chapter 5.
[37]
<TuneProcedureAndMCNNTUNES/img/Perceptron2.pdf, id=1008, 224.77678pt x 270.3012
pt>
File: TuneProcedureAndMCNNTUNES/img/Perceptron2.pdf Graphic file (type pdf)
<use TuneProcedureAndMCNNTUNES/img/Perceptron2.pdf>
Package pdftex.def Info: TuneProcedureAndMCNNTUNES/img/Perceptron2.pdf  used on
 input line 52.
(pdftex.def)             Requested size: 157.34265pt x 189.20953pt.
<TuneProcedureAndMCNNTUNES/img/XORproblem.pdf, id=1010, 355.65945pt x 85.35826p
t>
File: TuneProcedureAndMCNNTUNES/img/XORproblem.pdf Graphic file (type pdf)
<use TuneProcedureAndMCNNTUNES/img/XORproblem.pdf>
Package pdftex.def Info: TuneProcedureAndMCNNTUNES/img/XORproblem.pdf  used on 
input line 61.
(pdftex.def)             Requested size: 398.33858pt x 95.60059pt.
 [38]
<TuneProcedureAndMCNNTUNES/img/NNesample.png, id=1026, 687.56876pt x 395.4775pt
>
File: TuneProcedureAndMCNNTUNES/img/NNesample.png Graphic file (type png)
<use TuneProcedureAndMCNNTUNES/img/NNesample.png>
Package pdftex.def Info: TuneProcedureAndMCNNTUNES/img/NNesample.png  used on i
nput line 78.
(pdftex.def)             Requested size: 398.33858pt x 229.11761pt.
 [39 <./TuneProcedureAndMCNNTUNES/img/Perceptron2.pdf> <./TuneProcedureAndMCNNT
UNES/img/XORproblem.pdf

pdfTeX warning: /usr/bin/pdflatex (file ./TuneProcedureAndMCNNTUNES/img/XORprob
lem.pdf): PDF inclusion: multiple pdfs with page group included in a single pag
e
>]
<TuneProcedureAndMCNNTUNES/img/Training2.pdf, id=1069, 660.10396pt x 404.02913p
t>
File: TuneProcedureAndMCNNTUNES/img/Training2.pdf Graphic file (type pdf)
<use TuneProcedureAndMCNNTUNES/img/Training2.pdf>
Package pdftex.def Info: TuneProcedureAndMCNNTUNES/img/Training2.pdf  used on i
nput line 105.
(pdftex.def)             Requested size: 398.33858pt x 243.81262pt.
 [40 <./TuneProcedureAndMCNNTUNES/img/NNesample.png (PNG copy)>] [41 <./TunePro
cedureAndMCNNTUNES/img/Training2.pdf>]
<TuneProcedureAndMCNNTUNES/img/CPtunes1.png, id=1133, 1532.72626pt x 697.60625p
t>
File: TuneProcedureAndMCNNTUNES/img/CPtunes1.png Graphic file (type png)
<use TuneProcedureAndMCNNTUNES/img/CPtunes1.png>
Package pdftex.def Info: TuneProcedureAndMCNNTUNES/img/CPtunes1.png  used on in
put line 173.
(pdftex.def)             Requested size: 405.45047pt x 184.53479pt.
<TuneProcedureAndMCNNTUNES/img/CPtunes2.png, id=1136, 1531.7225pt x 541.02126pt
>
File: TuneProcedureAndMCNNTUNES/img/CPtunes2.png Graphic file (type png)
<use TuneProcedureAndMCNNTUNES/img/CPtunes2.png>
Package pdftex.def Info: TuneProcedureAndMCNNTUNES/img/CPtunes2.png  used on in
put line 180.
(pdftex.def)             Requested size: 405.45047pt x 143.20483pt.

Underfull \vbox (badness 3838) has occurred while \output is active []

 [42 <./TuneProcedureAndMCNNTUNES/img/CPtunes1.png> <./TuneProcedureAndMCNNTUNE
S/img/CPtunes2.png>]
<TuneProcedureAndMCNNTUNES/img/PerBinModel.png, id=1152, 543.4704pt x 318.7107p
t>
File: TuneProcedureAndMCNNTUNES/img/PerBinModel.png Graphic file (type png)
<use TuneProcedureAndMCNNTUNES/img/PerBinModel.png>
Package pdftex.def Info: TuneProcedureAndMCNNTUNES/img/PerBinModel.png  used on
 input line 215.
(pdftex.def)             Requested size: 341.43437pt x 200.22952pt.
 [43]
<TuneProcedureAndMCNNTUNES/img/exampleChi2Variation.png, id=1168, 578.16pt x 43
3.62pt>
File: TuneProcedureAndMCNNTUNES/img/exampleChi2Variation.png Graphic file (type
 png)
<use TuneProcedureAndMCNNTUNES/img/exampleChi2Variation.png>
Package pdftex.def Info: TuneProcedureAndMCNNTUNES/img/exampleChi2Variation.png
  used on input line 253.
(pdftex.def)             Requested size: 256.07741pt x 192.05714pt.

Underfull \hbox (badness 2951) in paragraph at lines 255--255
[]\T1/cmr/bx/n/10 Figure 5.5: |\T1/cmr/m/n/10 This fig-ure shows the er-ror eva
l-u-ation in \T1/cmtt/m/n/10 mcnntunes \T1/cmr/m/n/10 for the
 []


Overfull \hbox (1.43947pt too wide) in paragraph at lines 261--262
\T1/cmr/m/n/12 The In-verse Model is the most in-nov-at-ive tun-ing pro-ced-ure
 in-tro-duced by \T1/cmtt/m/n/12 mcnntunes\T1/cmr/m/n/12 .
 []

[44 <./TuneProcedureAndMCNNTUNES/img/PerBinModel.png>]
<TuneProcedureAndMCNNTUNES/img/InverseModel.png, id=1181, 536.2434pt x 189.3474
pt>
File: TuneProcedureAndMCNNTUNES/img/InverseModel.png Graphic file (type png)
<use TuneProcedureAndMCNNTUNES/img/InverseModel.png>
Package pdftex.def Info: TuneProcedureAndMCNNTUNES/img/InverseModel.png  used o
n input line 267.
(pdftex.def)             Requested size: 341.43437pt x 120.56361pt.
 [45 <./TuneProcedureAndMCNNTUNES/img/exampleChi2Variation.png> <./TuneProcedur
eAndMCNNTUNES/img/InverseModel.png>]
<TuneProcedureAndMCNNTUNES/img/InverseModel_predictionsSpread.png, id=1193, 103
4.86626pt x 753.81625pt>
File: TuneProcedureAndMCNNTUNES/img/InverseModel_predictionsSpread.png Graphic 
file (type png)
<use TuneProcedureAndMCNNTUNES/img/InverseModel_predictionsSpread.png>
Package pdftex.def Info: TuneProcedureAndMCNNTUNES/img/InverseModel_predictions
Spread.png  used on input line 289.
(pdftex.def)             Requested size: 256.07741pt x 186.53271pt.
) (./OurTune/c_ourTune.tex [46 <./TuneProcedureAndMCNNTUNES/img/InverseModel_pr
edictionsSpread.png>]
Chapter 6.

LaTeX Warning: Reference `fig:MinBiasPerBinModelResults' on page 47 undefined o
n input line 18.

<OurTune/img/MinBiasPerBinModelResults1.pdf, id=1202, 344.99991pt x 316.52654pt
>
File: OurTune/img/MinBiasPerBinModelResults1.pdf Graphic file (type pdf)
<use OurTune/img/MinBiasPerBinModelResults1.pdf>
Package pdftex.def Info: OurTune/img/MinBiasPerBinModelResults1.pdf  used on in
put line 22.
(pdftex.def)             Requested size: 341.43437pt x 313.2801pt.
<OurTune/img/MinBiasPerBinModelResults4.pdf, id=1205, 344.99991pt x 316.52654pt
>
File: OurTune/img/MinBiasPerBinModelResults4.pdf Graphic file (type pdf)
<use OurTune/img/MinBiasPerBinModelResults4.pdf>
Package pdftex.def Info: OurTune/img/MinBiasPerBinModelResults4.pdf  used on in
put line 29.
(pdftex.def)             Requested size: 341.43437pt x 313.2801pt.
<OurTune/img/MinBiasPerBinModelResults5.pdf, id=1206, 344.99991pt x 316.52654pt
>
File: OurTune/img/MinBiasPerBinModelResults5.pdf Graphic file (type pdf)
<use OurTune/img/MinBiasPerBinModelResults5.pdf>
Package pdftex.def Info: OurTune/img/MinBiasPerBinModelResults5.pdf  used on in
put line 36.
(pdftex.def)             Requested size: 341.43437pt x 313.2801pt.
<OurTune/img/MinBiasPerBinModelResults2.pdf, id=1207, 344.99991pt x 155.76292pt
>
File: OurTune/img/MinBiasPerBinModelResults2.pdf Graphic file (type pdf)
<use OurTune/img/MinBiasPerBinModelResults2.pdf>
Package pdftex.def Info: OurTune/img/MinBiasPerBinModelResults2.pdf  used on in
put line 43.
(pdftex.def)             Requested size: 341.43437pt x 154.16536pt.
<OurTune/img/MinBiasPerBinModelResults3.pdf, id=1208, 172.50046pt x 155.76292pt
>
File: OurTune/img/MinBiasPerBinModelResults3.pdf Graphic file (type pdf)
<use OurTune/img/MinBiasPerBinModelResults3.pdf>
Package pdftex.def Info: OurTune/img/MinBiasPerBinModelResults3.pdf  used on in
put line 50.
(pdftex.def)             Requested size: 179.25157pt x 161.85889pt.
) (./Preamble.bbl [47

] [48 <./OurTune/img/MinBiasPerBinModelResults1.pdf>]
[49 <./OurTune/img/MinBiasPerBinModelResults4.pdf> <./OurTune/img/MinBiasPerBin
ModelResults5.pdf>] [50 <./OurTune/img/MinBiasPerBinModelResults2.pdf> <./OurTu
ne/img/MinBiasPerBinModelResults3.pdf>] [51

] [52] [53]
Underfull \hbox (badness 1137) in paragraph at lines 299--303
[]\T1/cmr/m/n/12 Nikolaus Hansen.  The CMA evol-u-tion strategy: A tu-torial.  
\T1/cmr/m/it/12 CoRR\T1/cmr/m/n/12 ,
 []

)
Package atveryend Info: Empty hook `BeforeClearDocument' on input line 125.
 [54]
Package atveryend Info: Empty hook `AfterLastShipout' on input line 125.
 (./Preamble.aux)
Package atveryend Info: Executing hook `AtVeryEndDocument' on input line 125.
Package atveryend Info: Executing hook `AtEndAfterFileList' on input line 125.
Package rerunfilecheck Info: File `Preamble.out' has not changed.
(rerunfilecheck)             Checksum: 287E70CCAB0028ACC6F47C7B45EDC282;2860.


LaTeX Font Warning: Size substitutions with differences
(Font)              up to 4.5pt have occurred.


LaTeX Warning: There were undefined references.


LaTeX Warning: There were multiply-defined labels.

 ) 
Here is how much of TeX's memory you used:
 12360 strings out of 481239
 197954 string characters out of 5920377
 497122 words of memory out of 5000000
 27053 multiletter control sequences out of 15000+600000
 564887 words of font info for 107 fonts, out of 8000000 for 9000
 1141 hyphenation exceptions out of 8191
 41i,20n,48p,895b,575s stack positions out of 5000i,500n,10000p,200000b,80000s
{/usr/share/texmf/fonts/enc/dvips/cm-super/cm-super-t1.enc}{/usr/share/texmf/
fonts/enc/dvips/cm-super/cm-super-ts1.enc}</usr/share/texlive/texmf-dist/fonts/
type1/public/amsfonts/cm/cmbx12.pfb></usr/share/texlive/texmf-dist/fonts/type1/
public/amsfonts/cm/cmex10.pfb></usr/share/texlive/texmf-dist/fonts/type1/public
/amsfonts/cmextra/cmex8.pfb></usr/share/texlive/texmf-dist/fonts/type1/public/a
msfonts/cm/cmmi10.pfb></usr/share/texlive/texmf-dist/fonts/type1/public/amsfont
s/cm/cmmi12.pfb></usr/share/texlive/texmf-dist/fonts/type1/public/amsfonts/cm/c
mmi6.pfb></usr/share/texlive/texmf-dist/fonts/type1/public/amsfonts/cm/cmmi7.pf
b></usr/share/texlive/texmf-dist/fonts/type1/public/amsfonts/cm/cmmi8.pfb></usr
/share/texlive/texmf-dist/fonts/type1/public/amsfonts/cm/cmr10.pfb></usr/share/
texlive/texmf-dist/fonts/type1/public/amsfonts/cm/cmr12.pfb></usr/share/texlive
/texmf-dist/fonts/type1/public/amsfonts/cm/cmr17.pfb></usr/share/texlive/texmf-
dist/fonts/type1/public/amsfonts/cm/cmr6.pfb></usr/share/texlive/texmf-dist/fon
ts/type1/public/amsfonts/cm/cmr7.pfb></usr/share/texlive/texmf-dist/fonts/type1
/public/amsfonts/cm/cmr8.pfb></usr/share/texlive/texmf-dist/fonts/type1/public/
amsfonts/cm/cmsy10.pfb></usr/share/texlive/texmf-dist/fonts/type1/public/amsfon
ts/cm/cmsy6.pfb></usr/share/texlive/texmf-dist/fonts/type1/public/amsfonts/cm/c
msy7.pfb></usr/share/texlive/texmf-dist/fonts/type1/public/amsfonts/cm/cmsy8.pf
b></usr/share/texlive/texmf-dist/fonts/type1/public/amsfonts/symbols/msam10.pfb
></usr/share/texlive/texmf-dist/fonts/type1/public/amsfonts/symbols/msbm10.pfb>
</usr/share/texmf/fonts/type1/public/cm-super/sfbi1200.pfb></usr/share/texmf/fo
nts/type1/public/cm-super/sfbx1000.pfb></usr/share/texmf/fonts/type1/public/cm-
super/sfbx1200.pfb></usr/share/texmf/fonts/type1/public/cm-super/sfbx1440.pfb><
/usr/share/texmf/fonts/type1/public/cm-super/sfbx1728.pfb></usr/share/texmf/fon
ts/type1/public/cm-super/sfbx2488.pfb></usr/share/texmf/fonts/type1/public/cm-s
uper/sfcc1000.pfb></usr/share/texmf/fonts/type1/public/cm-super/sfcc1200.pfb></
usr/share/texmf/fonts/type1/public/cm-super/sfrm0700.pfb></usr/share/texmf/font
s/type1/public/cm-super/sfrm0800.pfb></usr/share/texmf/fonts/type1/public/cm-su
per/sfrm1000.pfb></usr/share/texmf/fonts/type1/public/cm-super/sfrm1095.pfb></u
sr/share/texmf/fonts/type1/public/cm-super/sfrm1200.pfb></usr/share/texmf/fonts
/type1/public/cm-super/sfrm1440.pfb></usr/share/texmf/fonts/type1/public/cm-sup
er/sfrm2074.pfb></usr/share/texmf/fonts/type1/public/cm-super/sfti1200.pfb></us
r/share/texmf/fonts/type1/public/cm-super/sftt1000.pfb></usr/share/texmf/fonts/
type1/public/cm-super/sftt1200.pfb></usr/share/texmf/fonts/type1/public/cm-supe
r/sftt1440.pfb></usr/share/texmf/fonts/type1/public/cm-super/sftt1728.pfb></usr
/share/texmf/fonts/type1/public/cm-super/sfxc1200.pfb></usr/share/texmf/fonts/t
ype1/public/cm-super/sfxc1728.pfb></usr/share/texmf/fonts/type1/public/cm-super
/sfxc2488.pfb>
Output written on Preamble.pdf (55 pages, 3820322 bytes).
PDF statistics:
 1819 PDF objects out of 2073 (max. 8388607)
 1405 compressed objects within 15 object streams
 239 named destinations out of 1000 (max. 500000)
 565 words of extra memory for PDF output out of 10000 (max. 10000000)

