\BOOKMARK [0][-]{chapter.1}{Introduction}{}% 1
\BOOKMARK [0][-]{chapter.2}{Hadron-Hadron Scattering}{}% 2
\BOOKMARK [1][-]{section.2.1}{Structure of Monte Carlo event generators}{chapter.2}% 3
\BOOKMARK [1][-]{section.2.2}{QCD factorization theorem}{chapter.2}% 4
\BOOKMARK [2][-]{subsection.2.2.1}{Parton distribution functions}{section.2.2}% 5
\BOOKMARK [2][-]{subsection.2.2.2}{Partonic cross-section}{section.2.2}% 6
\BOOKMARK [1][-]{section.2.3}{All-order approaches and PYTHIA Monte Carlo generator}{chapter.2}% 7
\BOOKMARK [2][-]{subsection.2.3.1}{Parton Showers}{section.2.3}% 8
\BOOKMARK [2][-]{subsection.2.3.2}{Merging parton showers and NLO matrix element calculations}{section.2.3}% 9
\BOOKMARK [1][-]{section.2.4}{Multiple Parton Interactions in PYTHIA}{chapter.2}% 10
\BOOKMARK [2][-]{subsection.2.4.1}{Basic Concepts}{section.2.4}% 11
\BOOKMARK [2][-]{subsection.2.4.2}{Momentum and flavour conservation}{section.2.4}% 12
\BOOKMARK [2][-]{subsection.2.4.3}{Impact Parameter Dependence}{section.2.4}% 13
\BOOKMARK [2][-]{subsection.2.4.4}{Beam Beam Remnants and primordial kT}{section.2.4}% 14
\BOOKMARK [2][-]{subsection.2.4.5}{Color Reconnection}{section.2.4}% 15
\BOOKMARK [1][-]{section.2.5}{pythia summary}{chapter.2}% 16
\BOOKMARK [0][-]{chapter.3}{CMS Detector, Observable to Study the Underlying Event and Existing Tunes}{}% 17
\BOOKMARK [1][-]{section.3.1}{Compact Muon Solenoid Detector}{chapter.3}% 18
\BOOKMARK [2][-]{subsection.3.1.1}{Selection Criteria}{section.3.1}% 19
\BOOKMARK [1][-]{section.3.2}{Minimum Bias Measurements and Underlying Event topology}{chapter.3}% 20
\BOOKMARK [2][-]{subsection.3.2.1}{Hard scale dependence}{section.3.2}% 21
\BOOKMARK [2][-]{subsection.3.2.2}{Sensitivity to MPI parameters}{section.3.2}% 22
\BOOKMARK [2][-]{subsection.3.2.3}{Observables in Z production processes}{section.3.2}% 23
\BOOKMARK [1][-]{section.3.3}{Previous Tune for the Underlying Event}{chapter.3}% 24
\BOOKMARK [2][-]{subsection.3.3.1}{The distributions used for the Tune}{section.3.3}% 25
\BOOKMARK [2][-]{subsection.3.3.2}{Pyhtia configuration and the tunes}{section.3.3}% 26
\BOOKMARK [0][-]{chapter.4}{Tuning procedure and mcnntunes}{}% 27
\BOOKMARK [1][-]{section.4.1}{Parametrization-based approach}{chapter.4}% 28
\BOOKMARK [1][-]{section.4.2}{Machine Learning and Neural Networks}{chapter.4}% 29
\BOOKMARK [2][-]{subsection.4.2.1}{Neural Networks - Perceptron}{section.4.2}% 30
\BOOKMARK [2][-]{subsection.4.2.2}{Feed-Forward Neural Networks}{section.4.2}% 31
\BOOKMARK [1][-]{section.4.3}{MCNNTUNES}{chapter.4}% 32
\BOOKMARK [2][-]{subsection.4.3.1}{Sampling Phase and Training Set Generation}{section.4.3}% 33
\BOOKMARK [2][-]{subsection.4.3.2}{PerBin Model}{section.4.3}% 34
\BOOKMARK [2][-]{subsection.4.3.3}{Negative aspects}{section.4.3}% 35
\BOOKMARK [2][-]{subsection.4.3.4}{Inverse Model}{section.4.3}% 36
\BOOKMARK [2][-]{subsection.4.3.5}{Weightrules in MCNNTUNES}{section.4.3}% 37
\BOOKMARK [0][-]{chapter.5}{Tune for the Underlying Event}{}% 38
\BOOKMARK [1][-]{section.5.1}{Introduction}{chapter.5}% 39
\BOOKMARK [1][-]{section.5.2}{First test: only two parameters variation}{chapter.5}% 40
\BOOKMARK [2][-]{subsection.5.2.1}{Per Bin Model results}{section.5.2}% 41
\BOOKMARK [2][-]{subsection.5.2.2}{Inverse Model results}{section.5.2}% 42
\BOOKMARK [2][-]{subsection.5.2.3}{Overall results}{section.5.2}% 43
\BOOKMARK [1][-]{section.5.3}{Tune for the UE in Minimum Bias Observations}{chapter.5}% 44
\BOOKMARK [2][-]{subsection.5.3.1}{Per Bin Model results}{section.5.3}% 45
\BOOKMARK [2][-]{subsection.5.3.2}{Inverse Model results}{section.5.3}% 46
\BOOKMARK [2][-]{subsection.5.3.3}{Overall results}{section.5.3}% 47
\BOOKMARK [0][-]{chapter.6}{Tune for the primordial kT events}{}% 48
\BOOKMARK [1][-]{section.6.1}{Primordial kT and ISR effect on pTZ}{chapter.6}% 49
\BOOKMARK [1][-]{section.6.2}{Primordial kT tune}{chapter.6}% 50
\BOOKMARK [1][-]{section.6.3}{Primordial kT tune vs MPI}{chapter.6}% 51
\BOOKMARK [0][-]{chapter*.76}{Conclusions}{}% 52
\BOOKMARK [0][-]{appendix.A}{Test with two free parameters for the Underlying Events}{}% 53
\BOOKMARK [0][-]{appendix*.82}{Bibliography}{}% 54
